<?xml version="1.0" encoding="UTF-8"?>
<!-- Generated by org.testng.reporters.JUnitReportReporter -->
<testsuite skipped="0" hostname="DESKTOP-663H05K" name="tests.TC001_ValidateUserCredential" tests="1" failures="0" timestamp="07 Nov 2020 22:39:19 GMT" time="22.133" errors="0">
  <testcase name="validateCredential" time="22.133" classname="tests.TC001_ValidateUserCredential"/>
</testsuite> <!-- tests.TC001_ValidateUserCredential -->
