<?xml version="1.0" encoding="UTF-8"?>
<!-- Generated by org.testng.reporters.JUnitReportReporter -->
<testsuite skipped="0" hostname="DESKTOP-663H05K" name="tests.TC002_DeleteLead" tests="1" failures="0" timestamp="07 Jul 2019 06:56:48 GMT" time="18.181" errors="0">
  <testcase name="deleteLead" time="18.181" classname="tests.TC002_DeleteLead"/>
</testsuite> <!-- tests.TC002_DeleteLead -->
