<?xml version="1.0" encoding="UTF-8"?>
<!-- Generated by org.testng.reporters.JUnitReportReporter -->
<testsuite skipped="0" hostname="Babu" name="runner.RunTest" tests="2" failures="0" timestamp="07 Jul 2019 07:28:10 GMT" time="18.527" errors="2">
  <testcase name="runScenario" time="8.557" classname="runner.RunTest">
    <error type="java.lang.NullPointerException">
      <![CDATA[java.lang.NullPointerException
at pages.MyHomePage.clickLeadsTab(MyHomePage.java:24)
at ✽.Click Leads Tab(file:src/test/java/features/CreateLead.feature:5)
]]>
    </error>
  </testcase> <!-- runScenario -->
  <testcase name="runScenario" time="9.970" classname="runner.RunTest">
    <error type="java.lang.NullPointerException">
      <![CDATA[java.lang.NullPointerException
at pages.MyHomePage.clickLeadsTab(MyHomePage.java:24)
at ✽.Click Leads Tab(file:src/test/java/features/CreateLead.feature:5)
]]>
    </error>
  </testcase> <!-- runScenario -->
</testsuite> <!-- runner.RunTest -->
